[2023-05-17 08:46:07] [info] Start Program:
Path:"D:\uni\oop\a6\a6-betina17-1\x64\Debug\Project3.exe"
Arguments:
Working directory: "D:\uni\oop\a6\a6-betina17-1\"
Modules: Selected: D:\uni\oop\a6\a6-betina17-1\x64\Debug\Project3.exe Excluded: 
Sources: Selected: D:\uni\oop\a6\a6-betina17-1 Excluded: 
Log Level: Normal
Cover Children: 0
Aggregate by file: 1
Continue after C++ exception: 0
Optimized build support: 0
Export: Binary C:\Users\User\AppData\Local\Temp\ffuz4zwh.nbt 
Input coverage: 
Unified diff: 
Excluded line regular expressions: 
Substitute pdb source paths: 

[2023-05-17 08:46:07] [info] Module: D:\uni\oop\a6\a6-betina17-1\x64\Debug\Project3.exe is selected because it matches selected pattern: D:\uni\oop\a6\a6-betina17-1\x64\Debug\Project3.exe
[2023-05-17 08:46:08] [info] ----------------------------------------------------
[2023-05-17 08:46:08] [info] Coverage binary generated in file: C:\Users\User\AppData\Local\Temp\ffuz4zwh.nbt
[2023-05-17 08:46:08] [info] ----------------------------------------------------
